<?xml version="1.0" encoding="UTF-8"?>
<!-- Generated by org.testng.reporters.JUnitXMLReporter -->
<testsuite hostname="angler109" ignored="3" name="Login Test" tests="1" failures="0" timestamp="05 Aug 2017 09:32:49 GMT" time="39.562" errors="0">
  <testcase name="AddCustomer_Chkreset" time="34.625" classname="com.crm.executionEngine.AddCustomerPage"/>
  <testcase name="EditCustomer_chkData_save" time="0.0" classname="com.crm.executionEngine.AddCustomerPage">
    <ignored/>
  </testcase> <!-- EditCustomer_chkData_save -->
  <testcase name="AddCustomer_ChkSave" time="0.0" classname="com.crm.executionEngine.AddCustomerPage">
    <ignored/>
  </testcase> <!-- AddCustomer_ChkSave -->
  <testcase name="EditCustomer_chkData_Reset" time="0.0" classname="com.crm.executionEngine.AddCustomerPage">
    <ignored/>
  </testcase> <!-- EditCustomer_chkData_Reset -->
</testsuite> <!-- Login Test -->
