<?xml version="1.0" encoding="UTF-8"?>
<testng-results skipped="0" failed="0" ignored="3" total="4" passed="1">
  <reporter-output>
  </reporter-output>
  <suite name="Suite" duration-ms="39562" started-at="2017-08-05T09:32:09Z" finished-at="2017-08-05T09:32:49Z">
    <groups>
    </groups>
    <test name="Login Test" duration-ms="39562" started-at="2017-08-05T09:32:09Z" finished-at="2017-08-05T09:32:49Z">
      <class name="com.crm.executionEngine.AddCustomerPage">
        <test-method status="PASS" signature="beforeclass()[pri:0, instance:com.crm.executionEngine.AddCustomerPage@3ac42916]" name="beforeclass" is-config="true" duration-ms="4924" started-at="2017-08-05T15:02:09Z" finished-at="2017-08-05T15:02:14Z">
          <reporter-output>
          </reporter-output>
        </test-method> <!-- beforeclass -->
        <test-method status="PASS" signature="AddCustomer_Chkreset(java.lang.String, java.lang.String)[pri:1, instance:com.crm.executionEngine.AddCustomerPage@3ac42916]" name="AddCustomer_Chkreset" duration-ms="34625" started-at="2017-08-05T15:02:14Z" finished-at="2017-08-05T15:02:49Z">
          <params>
            <param index="0">
              <value>
                <![CDATA[arunkumar.m@angleritech.com]]>
              </value>
            </param>
            <param index="1">
              <value>
                <![CDATA[angler*#1400]]>
              </value>
            </param>
          </params>
          <reporter-output>
          </reporter-output>
        </test-method> <!-- AddCustomer_Chkreset -->
      </class> <!-- com.crm.executionEngine.AddCustomerPage -->
    </test> <!-- Login Test -->
  </suite> <!-- Suite -->
</testng-results>
